# JRE version: OpenJDK Runtime Environment (8.0_152-b02) (build 1.8.0_152-release-1024-b02)
# Java VM: OpenJDK 64-Bit Server VM (25.152-b02 mixed mode windows-amd64 compressed oops)
Heap:
 PSYoungGen      total 334848K, used 51477K [0x00000000e0000000, 0x00000000f6500000, 0x0000000100000000)
  eden space 309248K, 13% used [0x00000000e0000000,0x00000000e29a9140,0x00000000f2e00000)
  from space 25600K, 34% used [0x00000000f4c00000,0x00000000f549c570,0x00000000f6500000)
  to   space 28160K, 0% used [0x00000000f2e00000,0x00000000f2e00000,0x00000000f4980000)
 ParOldGen       total 139264K, used 122542K [0x00000000a0000000, 0x00000000a8800000, 0x00000000e0000000)
  object space 139264K, 87% used [0x00000000a0000000,0x00000000a77aba60,0x00000000a8800000)
 Metaspace       used 97868K, capacity 101561K, committed 102104K, reserved 1138688K
  class space    used 12408K, capacity 13155K, committed 13312K, reserved 1048576K
GC Heap History (10 events):
Event: 6305.053 GC heap before
{Heap before GC invocations=38 (full 4):
 PSYoungGen      total 200192K, used 192081K [0x00000000e0000000, 0x00000000f1180000, 0x0000000100000000)
  eden space 171008K, 100% used [0x00000000e0000000,0x00000000ea700000,0x00000000ea700000)
  from space 29184K, 72% used [0x00000000ea700000,0x00000000ebb94420,0x00000000ec380000)
  to   space 30720K, 0% used [0x00000000ef380000,0x00000000ef380000,0x00000000f1180000)
 ParOldGen       total 139264K, used 108123K [0x00000000a0000000, 0x00000000a8800000, 0x00000000e0000000)
  object space 139264K, 77% used [0x00000000a0000000,0x00000000a6996f78,0x00000000a8800000)
 Metaspace       used 97621K, capacity 101323K, committed 101848K, reserved 1138688K
  class space    used 12396K, capacity 13150K, committed 13312K, reserved 1048576K
Event: 6305.104 GC heap after
Heap after GC invocations=38 (full 4):
 PSYoungGen      total 230912K, used 17190K [0x00000000e0000000, 0x00000000f0800000, 0x0000000100000000)
  eden space 209920K, 0% used [0x00000000e0000000,0x00000000e0000000,0x00000000ecd00000)
  from space 20992K, 81% used [0x00000000ef380000,0x00000000f0449830,0x00000000f0800000)
  to   space 30208K, 0% used [0x00000000ecd00000,0x00000000ecd00000,0x00000000eea80000)
 ParOldGen       total 139264K, used 108627K [0x00000000a0000000, 0x00000000a8800000, 0x00000000e0000000)
  object space 139264K, 78% used [0x00000000a0000000,0x00000000a6a14fc8,0x00000000a8800000)
 Metaspace       used 97621K, capacity 101323K, committed 101848K, reserved 1138688K
  class space    used 12396K, capacity 13150K, committed 13312K, reserved 1048576K
}
Event: 6306.181 GC heap before
{Heap before GC invocations=39 (full 4):
 PSYoungGen      total 230912K, used 227110K [0x00000000e0000000, 0x00000000f0800000, 0x0000000100000000)
  eden space 209920K, 100% used [0x00000000e0000000,0x00000000ecd00000,0x00000000ecd00000)
  from space 20992K, 81% used [0x00000000ef380000,0x00000000f0449830,0x00000000f0800000)
  to   space 30208K, 0% used [0x00000000ecd00000,0x00000000ecd00000,0x00000000eea80000)
 ParOldGen       total 139264K, used 108627K [0x00000000a0000000, 0x00000000a8800000, 0x00000000e0000000)
  object space 139264K, 78% used [0x00000000a0000000,0x00000000a6a14fc8,0x00000000a8800000)
 Metaspace       used 97725K, capacity 101417K, committed 102104K, reserved 1138688K
  class space    used 12404K, capacity 13155K, committed 13312K, reserved 1048576K
Event: 6306.218 GC heap after
Heap after GC invocations=39 (full 4):
 PSYoungGen      total 240128K, used 16952K [0x00000000e0000000, 0x00000000f3480000, 0x0000000100000000)
  eden space 209920K, 0% used [0x00000000e0000000,0x00000000e0000000,0x00000000ecd00000)
  from space 30208K, 56% used [0x00000000ecd00000,0x00000000edd8e300,0x00000000eea80000)
  to   space 29696K, 0% used [0x00000000f1780000,0x00000000f1780000,0x00000000f3480000)
 ParOldGen       total 139264K, used 116300K [0x00000000a0000000, 0x00000000a8800000, 0x00000000e0000000)
  object space 139264K, 83% used [0x00000000a0000000,0x00000000a7193390,0x00000000a8800000)
 Metaspace       used 97725K, capacity 101417K, committed 102104K, reserved 1138688K
  class space    used 12404K, capacity 13155K, committed 13312K, reserved 1048576K
}
Event: 6307.147 GC heap before
{Heap before GC invocations=40 (full 4):
 PSYoungGen      total 240128K, used 226872K [0x00000000e0000000, 0x00000000f3480000, 0x0000000100000000)
  eden space 209920K, 100% used [0x00000000e0000000,0x00000000ecd00000,0x00000000ecd00000)
  from space 30208K, 56% used [0x00000000ecd00000,0x00000000edd8e300,0x00000000eea80000)
  to   space 29696K, 0% used [0x00000000f1780000,0x00000000f1780000,0x00000000f3480000)
 ParOldGen       total 139264K, used 116300K [0x00000000a0000000, 0x00000000a8800000, 0x00000000e0000000)
  object space 139264K, 83% used [0x00000000a0000000,0x00000000a7193390,0x00000000a8800000)
 Metaspace       used 97785K, capacity 101493K, committed 102104K, reserved 1138688K
  class space    used 12404K, capacity 13155K, committed 13312K, reserved 1048576K
Event: 6307.227 GC heap after
Heap after GC invocations=40 (full 4):
 PSYoungGen      total 285184K, used 17991K [0x00000000e0000000, 0x00000000f3380000, 0x0000000100000000)
  eden space 256512K, 0% used [0x00000000e0000000,0x00000000e0000000,0x00000000efa80000)
  from space 28672K, 62% used [0x00000000f1780000,0x00000000f2911c70,0x00000000f3380000)
  to   space 29184K, 0% used [0x00000000efa80000,0x00000000efa80000,0x00000000f1700000)
 ParOldGen       total 139264K, used 119381K [0x00000000a0000000, 0x00000000a8800000, 0x00000000e0000000)
  object space 139264K, 85% used [0x00000000a0000000,0x00000000a7495470,0x00000000a8800000)
 Metaspace       used 97785K, capacity 101493K, committed 102104K, reserved 1138688K
  class space    used 12404K, capacity 13155K, committed 13312K, reserved 1048576K
}
Event: 6308.170 GC heap before
{Heap before GC invocations=41 (full 4):
 PSYoungGen      total 285184K, used 274503K [0x00000000e0000000, 0x00000000f3380000, 0x0000000100000000)
  eden space 256512K, 100% used [0x00000000e0000000,0x00000000efa80000,0x00000000efa80000)
  from space 28672K, 62% used [0x00000000f1780000,0x00000000f2911c70,0x00000000f3380000)
  to   space 29184K, 0% used [0x00000000efa80000,0x00000000efa80000,0x00000000f1700000)
 ParOldGen       total 139264K, used 119381K [0x00000000a0000000, 0x00000000a8800000, 0x00000000e0000000)
  object space 139264K, 85% used [0x00000000a0000000,0x00000000a7495470,0x00000000a8800000)
 Metaspace       used 97827K, capacity 101493K, committed 102104K, reserved 1138688K
  class space    used 12407K, capacity 13155K, committed 13312K, reserved 1048576K
Event: 6308.182 GC heap after
Heap after GC invocations=41 (full 4):
 PSYoungGen      total 285696K, used 11143K [0x00000000e0000000, 0x00000000f6800000, 0x0000000100000000)
  eden space 256512K, 0% used [0x00000000e0000000,0x00000000e0000000,0x00000000efa80000)
  from space 29184K, 38% used [0x00000000efa80000,0x00000000f0561d58,0x00000000f1700000)
  to   space 28672K, 0% used [0x00000000f4c00000,0x00000000f4c00000,0x00000000f6800000)
 ParOldGen       total 139264K, used 122198K [0x00000000a0000000, 0x00000000a8800000, 0x00000000e0000000)
  object space 139264K, 87% used [0x00000000a0000000,0x00000000a7755a40,0x00000000a8800000)
 Metaspace       used 97827K, capacity 101493K, committed 102104K, reserved 1138688K
  class space    used 12407K, capacity 13155K, committed 13312K, reserved 1048576K
}
Event: 6309.135 GC heap before
{Heap before GC invocations=42 (full 4):
 PSYoungGen      total 285696K, used 267655K [0x00000000e0000000, 0x00000000f6800000, 0x0000000100000000)
  eden space 256512K, 100% used [0x00000000e0000000,0x00000000efa80000,0x00000000efa80000)
  from space 29184K, 38% used [0x00000000efa80000,0x00000000f0561d58,0x00000000f1700000)
  to   space 28672K, 0% used [0x00000000f4c00000,0x00000000f4c00000,0x00000000f6800000)
 ParOldGen       total 139264K, used 122198K [0x00000000a0000000, 0x00000000a8800000, 0x00000000e0000000)
  object space 139264K, 87% used [0x00000000a0000000,0x00000000a7755a40,0x00000000a8800000)
 Metaspace       used 97855K, capacity 101561K, committed 102104K, reserved 1138688K
  class space    used 12408K, capacity 13155K, committed 13312K, reserved 1048576K
Event: 6309.147 GC heap after
Heap after GC invocations=42 (full 4):
 PSYoungGen      total 334848K, used 8817K [0x00000000e0000000, 0x00000000f6500000, 0x0000000100000000)
  eden space 309248K, 0% used [0x00000000e0000000,0x00000000e0000000,0x00000000f2e00000)
  from space 25600K, 34% used [0x00000000f4c00000,0x00000000f549c570,0x00000000f6500000)
  to   space 28160K, 0% used [0x00000000f2e00000,0x00000000f2e00000,0x00000000f4980000)
 ParOldGen       total 139264K, used 122542K [0x00000000a0000000, 0x00000000a8800000, 0x00000000e0000000)
  object space 139264K, 87% used [0x00000000a0000000,0x00000000a77aba60,0x00000000a8800000)
 Metaspace       used 97855K, capacity 101561K, committed 102104K, reserved 1138688K
  class space    used 12408K, capacity 13155K, committed 13312K, reserved 1048576K
}

